{"/Users/liushitao/Desktop/Neural/src/index.ts": {"path":"/Users/liushitao/Desktop/Neural/src/index.ts","statementMap":{"0":{"start":{"line":1,"column":0},"end":{"line":1,"column":43}},"1":{"start":{"line":6,"column":2},"end":{"line":6,"column":11}},"2":{"start":{"line":2,"column":0},"end":{"line":2,"column":47}},"3":{"start":{"line":7,"column":2},"end":{"line":7,"column":13}},"4":{"start":{"line":3,"column":0},"end":{"line":3,"column":42}},"5":{"start":{"line":8,"column":2},"end":{"line":8,"column":11}}},"fnMap":{},"branchMap":{},"s":{"0":1,"1":1,"2":1,"3":1,"4":1,"5":1},"f":{},"b":{}}
,"/Users/liushitao/Desktop/Neural/src/modules/activator/index.ts": {"path":"/Users/liushitao/Desktop/Neural/src/modules/activator/index.ts","statementMap":{"0":{"start":{"line":1,"column":0},"end":{"line":1,"column":28}},"1":{"start":{"line":6,"column":4},"end":{"line":6,"column":75}},"2":{"start":{"line":10,"column":4},"end":{"line":10,"column":54}},"3":{"start":{"line":16,"column":24},"end":{"line":18,"column":6}},"4":{"start":{"line":17,"column":6},"end":{"line":17,"column":50}},"5":{"start":{"line":20,"column":22},"end":{"line":20,"column":46}},"6":{"start":{"line":21,"column":16},"end":{"line":21,"column":52}},"7":{"start":{"line":23,"column":22},"end":{"line":25,"column":6}},"8":{"start":{"line":24,"column":6},"end":{"line":24,"column":23}},"9":{"start":{"line":26,"column":4},"end":{"line":29,"column":6}},"10":{"start":{"line":27,"column":24},"end":{"line":27,"column":40}},"11":{"start":{"line":28,"column":6},"end":{"line":28,"column":41}},"12":{"start":{"line":33,"column":4},"end":{"line":33,"column":66}},"13":{"start":{"line":3,"column":0},"end":{"line":35,"column":1}}},"fnMap":{"0":{"name":"(anonymous_3)","decl":{"start":{"line":5,"column":9},"end":{"line":5,"column":15}},"loc":{"start":{"line":5,"column":35},"end":{"line":7,"column":3}}},"1":{"name":"(anonymous_4)","decl":{"start":{"line":9,"column":9},"end":{"line":9,"column":20}},"loc":{"start":{"line":9,"column":40},"end":{"line":12,"column":3}}},"2":{"name":"(anonymous_5)","decl":{"start":{"line":14,"column":9},"end":{"line":14,"column":15}},"loc":{"start":{"line":14,"column":35},"end":{"line":30,"column":3}}},"3":{"name":"(anonymous_6)","decl":{"start":{"line":16,"column":35},"end":{"line":16,"column":39}},"loc":{"start":{"line":16,"column":43},"end":{"line":18,"column":5}}},"4":{"name":"(anonymous_7)","decl":{"start":{"line":23,"column":36},"end":{"line":23,"column":37}},"loc":{"start":{"line":23,"column":56},"end":{"line":25,"column":5}}},"5":{"name":"(anonymous_8)","decl":{"start":{"line":26,"column":25},"end":{"line":26,"column":26}},"loc":{"start":{"line":26,"column":58},"end":{"line":29,"column":5}}},"6":{"name":"(anonymous_9)","decl":{"start":{"line":32,"column":9},"end":{"line":32,"column":20}},"loc":{"start":{"line":32,"column":40},"end":{"line":34,"column":3}}}},"branchMap":{},"s":{"0":1,"1":0,"2":0,"3":0,"4":0,"5":0,"6":0,"7":0,"8":0,"9":0,"10":0,"11":0,"12":0,"13":1},"f":{"0":0,"1":0,"2":0,"3":0,"4":0,"5":0,"6":0},"b":{}}
,"/Users/liushitao/Desktop/Neural/src/modules/neuron-layer/index.ts": {"path":"/Users/liushitao/Desktop/Neural/src/modules/neuron-layer/index.ts","statementMap":{"0":{"start":{"line":1,"column":0},"end":{"line":1,"column":28}},"1":{"start":{"line":2,"column":0},"end":{"line":2,"column":35}},"2":{"start":{"line":16,"column":4},"end":{"line":16,"column":11}},"3":{"start":{"line":12,"column":10},"end":{"line":12,"column":33}},"4":{"start":{"line":17,"column":4},"end":{"line":17,"column":40}},"5":{"start":{"line":18,"column":4},"end":{"line":18,"column":24}},"6":{"start":{"line":22,"column":4},"end":{"line":25,"column":5}},"7":{"start":{"line":29,"column":4},"end":{"line":29,"column":95}},"8":{"start":{"line":34,"column":4},"end":{"line":38,"column":5}},"9":{"start":{"line":35,"column":6},"end":{"line":35,"column":23}},"10":{"start":{"line":36,"column":6},"end":{"line":36,"column":21}},"11":{"start":{"line":37,"column":6},"end":{"line":37,"column":24}},"12":{"start":{"line":40,"column":4},"end":{"line":40,"column":83}},"13":{"start":{"line":43,"column":4},"end":{"line":52,"column":5}},"14":{"start":{"line":45,"column":8},"end":{"line":45,"column":53}},"15":{"start":{"line":46,"column":8},"end":{"line":46,"column":13}},"16":{"start":{"line":48,"column":8},"end":{"line":48,"column":53}},"17":{"start":{"line":49,"column":8},"end":{"line":49,"column":13}},"18":{"start":{"line":51,"column":8},"end":{"line":51,"column":60}},"19":{"start":{"line":56,"column":4},"end":{"line":63,"column":5}},"20":{"start":{"line":58,"column":8},"end":{"line":58,"column":45}},"21":{"start":{"line":60,"column":8},"end":{"line":60,"column":45}},"22":{"start":{"line":62,"column":8},"end":{"line":62,"column":61}},"23":{"start":{"line":5,"column":0},"end":{"line":65,"column":1}}},"fnMap":{"0":{"name":"(anonymous_3)","decl":{"start":{"line":15,"column":2},"end":{"line":15,"column":13}},"loc":{"start":{"line":15,"column":56},"end":{"line":19,"column":3}}},"1":{"name":"(anonymous_4)","decl":{"start":{"line":21,"column":10},"end":{"line":21,"column":19}},"loc":{"start":{"line":21,"column":20},"end":{"line":26,"column":3}}},"2":{"name":"(anonymous_5)","decl":{"start":{"line":28,"column":10},"end":{"line":28,"column":17}},"loc":{"start":{"line":28,"column":18},"end":{"line":31,"column":3}}},"3":{"name":"(anonymous_6)","decl":{"start":{"line":33,"column":9},"end":{"line":33,"column":15}},"loc":{"start":{"line":33,"column":16},"end":{"line":53,"column":3}}},"4":{"name":"(anonymous_7)","decl":{"start":{"line":55,"column":9},"end":{"line":55,"column":16}},"loc":{"start":{"line":55,"column":17},"end":{"line":64,"column":3}}}},"branchMap":{"0":{"loc":{"start":{"line":15,"column":47},"end":{"line":15,"column":56}},"type":"default-arg","locations":[{"start":{"line":15,"column":47},"end":{"line":15,"column":56}}]},"1":{"loc":{"start":{"line":34,"column":4},"end":{"line":38,"column":5}},"type":"if","locations":[{"start":{"line":34,"column":4},"end":{"line":38,"column":5}},{"start":{"line":34,"column":4},"end":{"line":38,"column":5}}]},"2":{"loc":{"start":{"line":44,"column":6},"end":{"line":46,"column":13}},"type":"switch","locations":[{"start":{"line":44,"column":6},"end":{"line":46,"column":13}},{"start":{"line":47,"column":6},"end":{"line":49,"column":13}},{"start":{"line":50,"column":6},"end":{"line":51,"column":60}}]},"3":{"loc":{"start":{"line":57,"column":6},"end":{"line":58,"column":45}},"type":"switch","locations":[{"start":{"line":57,"column":6},"end":{"line":58,"column":45}},{"start":{"line":59,"column":6},"end":{"line":60,"column":45}},{"start":{"line":61,"column":6},"end":{"line":62,"column":61}}]}},"s":{"0":1,"1":1,"2":0,"3":0,"4":0,"5":0,"6":0,"7":0,"8":0,"9":0,"10":0,"11":0,"12":0,"13":0,"14":0,"15":0,"16":0,"17":0,"18":0,"19":0,"20":0,"21":0,"22":0,"23":1},"f":{"0":0,"1":0,"2":0,"3":0,"4":0},"b":{"0":[0],"1":[0,0],"2":[0,0,0],"3":[0,0,0]}}
,"/Users/liushitao/Desktop/Neural/src/modules/neuron-net/index.ts": {"path":"/Users/liushitao/Desktop/Neural/src/modules/neuron-net/index.ts","statementMap":{"0":{"start":{"line":1,"column":0},"end":{"line":1,"column":28}},"1":{"start":{"line":8,"column":18},"end":{"line":8,"column":56}},"2":{"start":{"line":11,"column":4},"end":{"line":11,"column":22}},"3":{"start":{"line":12,"column":4},"end":{"line":12,"column":24}},"4":{"start":{"line":13,"column":4},"end":{"line":13,"column":30}},"5":{"start":{"line":17,"column":4},"end":{"line":17,"column":44}},"6":{"start":{"line":22,"column":4},"end":{"line":26,"column":10}},"7":{"start":{"line":23,"column":6},"end":{"line":23,"column":52}},"8":{"start":{"line":24,"column":6},"end":{"line":24,"column":23}},"9":{"start":{"line":25,"column":6},"end":{"line":25,"column":27}},"10":{"start":{"line":31,"column":22},"end":{"line":31,"column":69}},"11":{"start":{"line":32,"column":4},"end":{"line":62,"column":5}},"12":{"start":{"line":33,"column":6},"end":{"line":33,"column":41}},"13":{"start":{"line":36,"column":6},"end":{"line":43,"column":7}},"14":{"start":{"line":37,"column":8},"end":{"line":37,"column":64}},"15":{"start":{"line":39,"column":8},"end":{"line":42,"column":9}},"16":{"start":{"line":45,"column":6},"end":{"line":54,"column":7}},"17":{"start":{"line":47,"column":10},"end":{"line":50,"column":11}},"18":{"start":{"line":53,"column":10},"end":{"line":53,"column":35}},"19":{"start":{"line":56,"column":6},"end":{"line":59,"column":7}},"20":{"start":{"line":61,"column":6},"end":{"line":61,"column":37}},"21":{"start":{"line":66,"column":4},"end":{"line":69,"column":5}},"22":{"start":{"line":67,"column":6},"end":{"line":67,"column":26}},"23":{"start":{"line":68,"column":6},"end":{"line":68,"column":27}},"24":{"start":{"line":73,"column":4},"end":{"line":73,"column":28}},"25":{"start":{"line":77,"column":4},"end":{"line":77,"column":39}},"26":{"start":{"line":78,"column":4},"end":{"line":78,"column":15}},"27":{"start":{"line":82,"column":4},"end":{"line":82,"column":39}},"28":{"start":{"line":4,"column":0},"end":{"line":84,"column":1}}},"fnMap":{"0":{"name":"(anonymous_3)","decl":{"start":{"line":10,"column":2},"end":{"line":10,"column":13}},"loc":{"start":{"line":10,"column":70},"end":{"line":14,"column":3}}},"1":{"name":"(anonymous_4)","decl":{"start":{"line":16,"column":10},"end":{"line":16,"column":21}},"loc":{"start":{"line":16,"column":36},"end":{"line":18,"column":3}}},"2":{"name":"(anonymous_5)","decl":{"start":{"line":21,"column":9},"end":{"line":21,"column":15}},"loc":{"start":{"line":21,"column":34},"end":{"line":27,"column":3}}},"3":{"name":"(anonymous_6)","decl":{"start":{"line":22,"column":36},"end":{"line":22,"column":37}},"loc":{"start":{"line":22,"column":77},"end":{"line":26,"column":5}}},"4":{"name":"(anonymous_7)","decl":{"start":{"line":29,"column":10},"end":{"line":29,"column":23}},"loc":{"start":{"line":29,"column":24},"end":{"line":63,"column":3}}},"5":{"name":"(anonymous_8)","decl":{"start":{"line":65,"column":9},"end":{"line":65,"column":13}},"loc":{"start":{"line":65,"column":14},"end":{"line":70,"column":3}}},"6":{"name":"(anonymous_9)","decl":{"start":{"line":72,"column":10},"end":{"line":72,"column":22}},"loc":{"start":{"line":72,"column":23},"end":{"line":74,"column":3}}},"7":{"name":"(anonymous_10)","decl":{"start":{"line":76,"column":9},"end":{"line":76,"column":12}},"loc":{"start":{"line":76,"column":39},"end":{"line":79,"column":3}}},"8":{"name":"(anonymous_11)","decl":{"start":{"line":81,"column":10},"end":{"line":81,"column":26}},"loc":{"start":{"line":81,"column":53},"end":{"line":83,"column":3}}}},"branchMap":{"0":{"loc":{"start":{"line":23,"column":41},"end":{"line":23,"column":44}},"type":"cond-expr","locations":[{"start":{"line":23,"column":41},"end":{"line":23,"column":44}},{"start":{"line":23,"column":47},"end":{"line":23,"column":52}}]},"1":{"loc":{"start":{"line":36,"column":6},"end":{"line":43,"column":7}},"type":"if","locations":[{"start":{"line":36,"column":6},"end":{"line":43,"column":7}},{"start":{"line":36,"column":6},"end":{"line":43,"column":7}}]},"2":{"loc":{"start":{"line":46,"column":8},"end":{"line":50,"column":11}},"type":"switch","locations":[{"start":{"line":46,"column":8},"end":{"line":50,"column":11}},{"start":{"line":51,"column":8},"end":{"line":53,"column":35}}]}},"s":{"0":1,"1":0,"2":0,"3":0,"4":0,"5":0,"6":0,"7":0,"8":0,"9":0,"10":0,"11":0,"12":0,"13":0,"14":0,"15":0,"16":0,"17":0,"18":0,"19":0,"20":0,"21":0,"22":0,"23":0,"24":0,"25":0,"26":0,"27":0,"28":1},"f":{"0":0,"1":0,"2":0,"3":0,"4":0,"5":0,"6":0,"7":0,"8":0},"b":{"0":[0,0],"1":[0,0],"2":[0,0]}}
}
